
Showing logs for build [32mcb-kubecd-environment-pr-177-15-rnqvl-1[0m stage [32mfrom-build-pack[0m and container [32mstep-credential-initializer-l4snm[0m
{"level":"warn","ts":1583833564.564135,"logger":"fallback-logger","caller":"logging/config.go:69","msg":"Fetch GitHub commit ID from kodata failed: \"ref: refs/heads/0.8.0-**-support-backwards-incompats\" is not a valid GitHub commit ID"}
{"level":"info","ts":1583833564.5712495,"logger":"fallback-logger","caller":"creds-init/main.go:40","msg":"Credentials initialized."}

Showing logs for build [32mcb-kubecd-environment-pr-177-15-rnqvl-1[0m stage [32mfrom-build-pack[0m and container [32mstep-working-dir-initializer-w5w6m[0m
{"level":"warn","ts":1583833565.546506,"logger":"fallback-logger","caller":"logging/config.go:69","msg":"Fetch GitHub commit ID from kodata failed: open /var/run/ko/HEAD: no such file or directory"}
{"level":"info","ts":1583833565.5491529,"logger":"fallback-logger","caller":"bash/main.go:64","msg":"Successfully executed command \"sh -c mkdir -p /workspace/source\"; output "}

Showing logs for build [32mcb-kubecd-environment-pr-177-15-rnqvl-1[0m stage [32mfrom-build-pack[0m and container [32mstep-place-tools[0m

Showing logs for build [32mcb-kubecd-environment-pr-177-15-rnqvl-1[0m stage [32mfrom-build-pack[0m and container [32mstep-git-source-cb-kubecd-environment-pr-177-15-rnqvl-zmwcb[0m
{"level":"warn","ts":1583833570.7407677,"logger":"fallback-logger","caller":"logging/config.go:69","msg":"Fetch GitHub commit ID from kodata failed: \"ref: refs/heads/0.8.0-**-support-backwards-incompats\" is not a valid GitHub commit ID"}
{"level":"info","ts":1583833571.8429108,"logger":"fallback-logger","caller":"git/git.go:103","msg":"Successfully cloned https://github.com/cb-kubecd/environment-pr-177-157-boot-gke-staging.git @ master in path /workspace/source"}

Showing logs for build [32mcb-kubecd-environment-pr-177-15-rnqvl-1[0m stage [32mfrom-build-pack[0m and container [32mstep-git-merge[0m
Using SHAs from PULL_REFS=master:0fab6c676987239f03e4d7e11e0b38d0e9413165,6:be672b4cc088080b6766a4e206c223eb05b5f89c
DEBUG: LC_ALL=C JX_LOG_LEVEL=error git fetch origin --unshallow be672b4cc088080b6766a4e206c223eb05b5f89c: 0fab6c676987239f03e4d7e11e0b38d0e9413165:
DEBUG: ran git fetch --unshallow origin be672b4cc088080b6766a4e206c223eb05b5f89c: 0fab6c676987239f03e4d7e11e0b38d0e9413165: in 
DEBUG: LC_ALL=C JX_LOG_LEVEL=error git branch
DEBUG: JX_LOG_LEVEL=error LC_ALL=C git checkout master
DEBUG: ran git checkout master in 
DEBUG: LC_ALL=C JX_LOG_LEVEL=error git reset --hard 0fab6c676987239f03e4d7e11e0b38d0e9413165
DEBUG: ran git reset --hard 0fab6c676987239f03e4d7e11e0b38d0e9413165 in 
DEBUG: LC_ALL=C JX_LOG_LEVEL=error git clean -fd .
DEBUG: ran clean --force -d . in 
DEBUG: LC_ALL=C JX_LOG_LEVEL=error git merge be672b4cc088080b6766a4e206c223eb05b5f89c
DEBUG: ran git merge be672b4cc088080b6766a4e206c223eb05b5f89c in 
DEBUG: LC_ALL=C JX_LOG_LEVEL=error git log --format=%H%x1f%an%x1f%ae%x1f%cn%x1f%ce%x1f%s%n%b%x1e 0fab6c676987239f03e4d7e11e0b38d0e9413165..HEAD
Merged SHA be672b4cc088080b6766a4e206c223eb05b5f89c with commit message 'chore: Promote bdd-sbrp-import-1583832937 to version 0.0.1' into base branch master

Showing logs for build [32mcb-kubecd-environment-pr-177-15-rnqvl-1[0m stage [32mfrom-build-pack[0m and container [32mstep-build-helm-build[0m
WARNING: No $CHART_REPOSITORY defined so using the default value of: http://jenkins-x-chartmuseum:8080
Adding missing Helm repo: storage.googleapis.com https://storage.googleapis.com/chartmuseum.jenkins-x.io
WARNING: No secrets found on "helm/repos" due: reading the secret "helm/repos" from vault: no secret "helm/repos" not found in vault
Read credentials for https://storage.googleapis.com/chartmuseum.jenkins-x.io from vault helm/repos
Successfully added Helm repository storage.googleapis.com.
Adding missing Helm repo: jenkins-x-chartmuseum http://jenkins-x-chartmuseum:8080
WARNING: No secrets found on "helm/repos" due: reading the secret "helm/repos" from vault: no secret "helm/repos" not found in vault
Read credentials for http://jenkins-x-chartmuseum:8080 from vault helm/repos
Successfully added Helm repository jenkins-x-chartmuseum.
WARNING: No $CHART_REPOSITORY defined so using the default value of: http://jenkins-x-chartmuseum:8080
Adding missing Helm repo: chartmuseum.jenkins-x.io http://chartmuseum.jenkins-x.io
WARNING: No secrets found on "helm/repos" due: reading the secret "helm/repos" from vault: no secret "helm/repos" not found in vault
Read credentials for http://chartmuseum.jenkins-x.io from vault helm/repos
Successfully added Helm repository chartmuseum.jenkins-x.io.
