
Showing logs for build [32mcb-kubecd-environment-pr-177-15-jctg2-1[0m stage [32mfrom-build-pack[0m and container [32mstep-credential-initializer-qgjk6[0m
{"level":"warn","ts":1583831548.4573746,"logger":"fallback-logger","caller":"logging/config.go:69","msg":"Fetch GitHub commit ID from kodata failed: \"ref: refs/heads/0.8.0-**-support-backwards-incompats\" is not a valid GitHub commit ID"}
{"level":"info","ts":1583831548.4579678,"logger":"fallback-logger","caller":"creds-init/main.go:40","msg":"Credentials initialized."}

Showing logs for build [32mcb-kubecd-environment-pr-177-15-jctg2-1[0m stage [32mfrom-build-pack[0m and container [32mstep-working-dir-initializer-lrkdv[0m
{"level":"warn","ts":1583831550.1029925,"logger":"fallback-logger","caller":"logging/config.go:69","msg":"Fetch GitHub commit ID from kodata failed: open /var/run/ko/HEAD: no such file or directory"}
{"level":"info","ts":1583831550.1054287,"logger":"fallback-logger","caller":"bash/main.go:64","msg":"Successfully executed command \"sh -c mkdir -p /workspace/source\"; output "}

Showing logs for build [32mcb-kubecd-environment-pr-177-15-jctg2-1[0m stage [32mfrom-build-pack[0m and container [32mstep-place-tools[0m

Showing logs for build [32mcb-kubecd-environment-pr-177-15-jctg2-1[0m stage [32mfrom-build-pack[0m and container [32mstep-git-source-cb-kubecd-environment-pr-177-15-jctg2-k5wqn[0m
{"level":"warn","ts":1583831554.2148716,"logger":"fallback-logger","caller":"logging/config.go:69","msg":"Fetch GitHub commit ID from kodata failed: \"ref: refs/heads/0.8.0-**-support-backwards-incompats\" is not a valid GitHub commit ID"}
{"level":"info","ts":1583831555.2623296,"logger":"fallback-logger","caller":"git/git.go:103","msg":"Successfully cloned https://github.com/cb-kubecd/environment-pr-177-157-boot-gke-staging.git @ master in path /workspace/source"}

Showing logs for build [32mcb-kubecd-environment-pr-177-15-jctg2-1[0m stage [32mfrom-build-pack[0m and container [32mstep-git-merge[0m
Using SHAs from PULL_REFS=master:050433566663e781c7d33b4c498f022124c49d09,3:aebe8bdc1a35d3ccf2775671ae7832334062a517
DEBUG: LC_ALL=C JX_LOG_LEVEL=error git fetch origin --unshallow aebe8bdc1a35d3ccf2775671ae7832334062a517: 050433566663e781c7d33b4c498f022124c49d09:
DEBUG: ran git fetch --unshallow origin aebe8bdc1a35d3ccf2775671ae7832334062a517: 050433566663e781c7d33b4c498f022124c49d09: in 
DEBUG: LC_ALL=C JX_LOG_LEVEL=error git branch
DEBUG: LC_ALL=C JX_LOG_LEVEL=error git checkout master
DEBUG: ran git checkout master in 
DEBUG: LC_ALL=C JX_LOG_LEVEL=error git reset --hard 050433566663e781c7d33b4c498f022124c49d09
DEBUG: ran git reset --hard 050433566663e781c7d33b4c498f022124c49d09 in 
DEBUG: LC_ALL=C JX_LOG_LEVEL=error git clean -fd .
DEBUG: ran clean --force -d . in 
DEBUG: LC_ALL=C JX_LOG_LEVEL=error git merge aebe8bdc1a35d3ccf2775671ae7832334062a517
DEBUG: ran git merge aebe8bdc1a35d3ccf2775671ae7832334062a517 in 
DEBUG: LC_ALL=C JX_LOG_LEVEL=error git log --format=%H%x1f%an%x1f%ae%x1f%cn%x1f%ce%x1f%s%n%b%x1e 050433566663e781c7d33b4c498f022124c49d09..HEAD
Merged SHA aebe8bdc1a35d3ccf2775671ae7832334062a517 with commit message 'chore: Promote bdd-gh-1583830581 to version 0.0.1' into base branch master

Showing logs for build [32mcb-kubecd-environment-pr-177-15-jctg2-1[0m stage [32mfrom-build-pack[0m and container [32mstep-build-helm-build[0m
WARNING: No $CHART_REPOSITORY defined so using the default value of: http://jenkins-x-chartmuseum:8080
Adding missing Helm repo: storage.googleapis.com https://storage.googleapis.com/chartmuseum.jenkins-x.io
WARNING: No secrets found on "helm/repos" due: reading the secret "helm/repos" from vault: no secret "helm/repos" not found in vault
Read credentials for https://storage.googleapis.com/chartmuseum.jenkins-x.io from vault helm/repos
Successfully added Helm repository storage.googleapis.com.
Adding missing Helm repo: jenkins-x-chartmuseum http://jenkins-x-chartmuseum:8080
WARNING: No secrets found on "helm/repos" due: reading the secret "helm/repos" from vault: no secret "helm/repos" not found in vault
Read credentials for http://jenkins-x-chartmuseum:8080 from vault helm/repos
Successfully added Helm repository jenkins-x-chartmuseum.
WARNING: No $CHART_REPOSITORY defined so using the default value of: http://jenkins-x-chartmuseum:8080
Adding missing Helm repo: chartmuseum.jenkins-x.io http://chartmuseum.jenkins-x.io
WARNING: No secrets found on "helm/repos" due: reading the secret "helm/repos" from vault: no secret "helm/repos" not found in vault
Read credentials for http://chartmuseum.jenkins-x.io from vault helm/repos
Successfully added Helm repository chartmuseum.jenkins-x.io.
