
Showing logs for build [32mcb-kubecd-environment-pr-177-15-9nftl-1[0m stage [32mfrom-build-pack[0m and container [32mstep-credential-initializer-c58b5[0m
{"level":"warn","ts":1583833082.1119661,"logger":"fallback-logger","caller":"logging/config.go:69","msg":"Fetch GitHub commit ID from kodata failed: \"ref: refs/heads/0.8.0-**-support-backwards-incompats\" is not a valid GitHub commit ID"}
{"level":"info","ts":1583833082.1128612,"logger":"fallback-logger","caller":"creds-init/main.go:40","msg":"Credentials initialized."}

Showing logs for build [32mcb-kubecd-environment-pr-177-15-9nftl-1[0m stage [32mfrom-build-pack[0m and container [32mstep-working-dir-initializer-pqm9c[0m
{"level":"warn","ts":1583833083.5545924,"logger":"fallback-logger","caller":"logging/config.go:69","msg":"Fetch GitHub commit ID from kodata failed: open /var/run/ko/HEAD: no such file or directory"}
{"level":"info","ts":1583833083.5561972,"logger":"fallback-logger","caller":"bash/main.go:64","msg":"Successfully executed command \"sh -c mkdir -p /workspace/source\"; output "}

Showing logs for build [32mcb-kubecd-environment-pr-177-15-9nftl-1[0m stage [32mfrom-build-pack[0m and container [32mstep-place-tools[0m

Showing logs for build [32mcb-kubecd-environment-pr-177-15-9nftl-1[0m stage [32mfrom-build-pack[0m and container [32mstep-git-source-cb-kubecd-environment-pr-177-15-9nftl-8v7x9[0m
{"level":"warn","ts":1583833087.7183275,"logger":"fallback-logger","caller":"logging/config.go:69","msg":"Fetch GitHub commit ID from kodata failed: \"ref: refs/heads/0.8.0-**-support-backwards-incompats\" is not a valid GitHub commit ID"}
{"level":"info","ts":1583833088.7875018,"logger":"fallback-logger","caller":"git/git.go:103","msg":"Successfully cloned https://github.com/cb-kubecd/environment-pr-177-157-boot-gke-staging.git @ master in path /workspace/source"}

Showing logs for build [32mcb-kubecd-environment-pr-177-15-9nftl-1[0m stage [32mfrom-build-pack[0m and container [32mstep-git-merge[0m
Using SHAs from PULL_REFS=master:61a07ee35286d4bda9eb543d53a45d308ea90fd0,5:1384715a771dac8f78ed46a336192efd594d56a3
DEBUG: LC_ALL=C JX_LOG_LEVEL=error git fetch origin --unshallow 1384715a771dac8f78ed46a336192efd594d56a3: 61a07ee35286d4bda9eb543d53a45d308ea90fd0:
DEBUG: ran git fetch --unshallow origin 1384715a771dac8f78ed46a336192efd594d56a3: 61a07ee35286d4bda9eb543d53a45d308ea90fd0: in 
DEBUG: LC_ALL=C JX_LOG_LEVEL=error git branch
DEBUG: LC_ALL=C JX_LOG_LEVEL=error git checkout master
DEBUG: ran git checkout master in 
DEBUG: LC_ALL=C JX_LOG_LEVEL=error git reset --hard 61a07ee35286d4bda9eb543d53a45d308ea90fd0
DEBUG: ran git reset --hard 61a07ee35286d4bda9eb543d53a45d308ea90fd0 in 
DEBUG: LC_ALL=C JX_LOG_LEVEL=error git clean -fd .
DEBUG: ran clean --force -d . in 
DEBUG: JX_LOG_LEVEL=error LC_ALL=C git merge 1384715a771dac8f78ed46a336192efd594d56a3
DEBUG: ran git merge 1384715a771dac8f78ed46a336192efd594d56a3 in 
DEBUG: LC_ALL=C JX_LOG_LEVEL=error git log --format=%H%x1f%an%x1f%ae%x1f%cn%x1f%ce%x1f%s%n%b%x1e 61a07ee35286d4bda9eb543d53a45d308ea90fd0..HEAD
Merged SHA 1384715a771dac8f78ed46a336192efd594d56a3 with commit message 'chore: Promote bdd-nh-import-1583832937 to version 0.0.1' into base branch master

Showing logs for build [32mcb-kubecd-environment-pr-177-15-9nftl-1[0m stage [32mfrom-build-pack[0m and container [32mstep-build-helm-build[0m
WARNING: No $CHART_REPOSITORY defined so using the default value of: http://jenkins-x-chartmuseum:8080
Adding missing Helm repo: storage.googleapis.com https://storage.googleapis.com/chartmuseum.jenkins-x.io
WARNING: No secrets found on "helm/repos" due: reading the secret "helm/repos" from vault: no secret "helm/repos" not found in vault
Read credentials for https://storage.googleapis.com/chartmuseum.jenkins-x.io from vault helm/repos
Successfully added Helm repository storage.googleapis.com.
Adding missing Helm repo: jenkins-x-chartmuseum http://jenkins-x-chartmuseum:8080
WARNING: No secrets found on "helm/repos" due: reading the secret "helm/repos" from vault: no secret "helm/repos" not found in vault
Read credentials for http://jenkins-x-chartmuseum:8080 from vault helm/repos
Successfully added Helm repository jenkins-x-chartmuseum.
WARNING: No $CHART_REPOSITORY defined so using the default value of: http://jenkins-x-chartmuseum:8080
Adding missing Helm repo: chartmuseum.jenkins-x.io http://chartmuseum.jenkins-x.io
WARNING: No secrets found on "helm/repos" due: reading the secret "helm/repos" from vault: no secret "helm/repos" not found in vault
Read credentials for http://chartmuseum.jenkins-x.io from vault helm/repos
Successfully added Helm repository chartmuseum.jenkins-x.io.
