
Showing logs for build [32mcb-kubecd-environment-pr-177-15-znskv-1[0m stage [32mfrom-build-pack[0m and container [32mstep-credential-initializer-4q6rv[0m
{"level":"warn","ts":1583834565.806321,"logger":"fallback-logger","caller":"logging/config.go:69","msg":"Fetch GitHub commit ID from kodata failed: \"ref: refs/heads/0.8.0-**-support-backwards-incompats\" is not a valid GitHub commit ID"}
{"level":"info","ts":1583834565.8069265,"logger":"fallback-logger","caller":"creds-init/main.go:40","msg":"Credentials initialized."}

Showing logs for build [32mcb-kubecd-environment-pr-177-15-znskv-1[0m stage [32mfrom-build-pack[0m and container [32mstep-working-dir-initializer-5wczv[0m
{"level":"warn","ts":1583834566.7146266,"logger":"fallback-logger","caller":"logging/config.go:69","msg":"Fetch GitHub commit ID from kodata failed: open /var/run/ko/HEAD: no such file or directory"}
{"level":"info","ts":1583834566.7174008,"logger":"fallback-logger","caller":"bash/main.go:64","msg":"Successfully executed command \"sh -c mkdir -p /workspace/source\"; output "}

Showing logs for build [32mcb-kubecd-environment-pr-177-15-znskv-1[0m stage [32mfrom-build-pack[0m and container [32mstep-place-tools[0m

Showing logs for build [32mcb-kubecd-environment-pr-177-15-znskv-1[0m stage [32mfrom-build-pack[0m and container [32mstep-git-source-cb-kubecd-environment-pr-177-15-znskv-plcgm[0m
{"level":"warn","ts":1583834572.1244545,"logger":"fallback-logger","caller":"logging/config.go:69","msg":"Fetch GitHub commit ID from kodata failed: \"ref: refs/heads/0.8.0-**-support-backwards-incompats\" is not a valid GitHub commit ID"}
{"level":"info","ts":1583834573.1604273,"logger":"fallback-logger","caller":"git/git.go:103","msg":"Successfully cloned https://github.com/cb-kubecd/environment-pr-177-157-boot-gke-staging.git @ master in path /workspace/source"}

Showing logs for build [32mcb-kubecd-environment-pr-177-15-znskv-1[0m stage [32mfrom-build-pack[0m and container [32mstep-git-merge[0m
Using SHAs from PULL_REFS=master:05f2d0ddbf4e8ab1214bab85a14e97b30a28f0ac,8:f834132d325fc85af29f1dab98530c61c72e7fa6
DEBUG: LC_ALL=C JX_LOG_LEVEL=error git fetch origin --unshallow f834132d325fc85af29f1dab98530c61c72e7fa6: 05f2d0ddbf4e8ab1214bab85a14e97b30a28f0ac:
DEBUG: ran git fetch --unshallow origin f834132d325fc85af29f1dab98530c61c72e7fa6: 05f2d0ddbf4e8ab1214bab85a14e97b30a28f0ac: in 
DEBUG: JX_LOG_LEVEL=error LC_ALL=C git branch
DEBUG: LC_ALL=C JX_LOG_LEVEL=error git checkout master
DEBUG: ran git checkout master in 
DEBUG: LC_ALL=C JX_LOG_LEVEL=error git reset --hard 05f2d0ddbf4e8ab1214bab85a14e97b30a28f0ac
DEBUG: ran git reset --hard 05f2d0ddbf4e8ab1214bab85a14e97b30a28f0ac in 
DEBUG: JX_LOG_LEVEL=error LC_ALL=C git clean -fd .
DEBUG: ran clean --force -d . in 
DEBUG: LC_ALL=C JX_LOG_LEVEL=error git merge f834132d325fc85af29f1dab98530c61c72e7fa6
DEBUG: ran git merge f834132d325fc85af29f1dab98530c61c72e7fa6 in 
DEBUG: LC_ALL=C JX_LOG_LEVEL=error git log --format=%H%x1f%an%x1f%ae%x1f%cn%x1f%ce%x1f%s%n%b%x1e 05f2d0ddbf4e8ab1214bab85a14e97b30a28f0ac..HEAD
Merged SHA f834132d325fc85af29f1dab98530c61c72e7fa6 with commit message 'chore: Promote bdd-ghf**y-import-1583832937 to version 0.0.1' into base branch master

Showing logs for build [32mcb-kubecd-environment-pr-177-15-znskv-1[0m stage [32mfrom-build-pack[0m and container [32mstep-build-helm-build[0m
WARNING: No $CHART_REPOSITORY defined so using the default value of: http://jenkins-x-chartmuseum:8080
Adding missing Helm repo: storage.googleapis.com https://storage.googleapis.com/chartmuseum.jenkins-x.io
WARNING: No secrets found on "helm/repos" due: reading the secret "helm/repos" from vault: no secret "helm/repos" not found in vault
Read credentials for https://storage.googleapis.com/chartmuseum.jenkins-x.io from vault helm/repos
Successfully added Helm repository storage.googleapis.com.
Adding missing Helm repo: jenkins-x-chartmuseum http://jenkins-x-chartmuseum:8080
WARNING: No secrets found on "helm/repos" due: reading the secret "helm/repos" from vault: no secret "helm/repos" not found in vault
Read credentials for http://jenkins-x-chartmuseum:8080 from vault helm/repos
Successfully added Helm repository jenkins-x-chartmuseum.
WARNING: No $CHART_REPOSITORY defined so using the default value of: http://jenkins-x-chartmuseum:8080
Adding missing Helm repo: chartmuseum.jenkins-x.io http://chartmuseum.jenkins-x.io
WARNING: No secrets found on "helm/repos" due: reading the secret "helm/repos" from vault: no secret "helm/repos" not found in vault
Read credentials for http://chartmuseum.jenkins-x.io from vault helm/repos
Successfully added Helm repository chartmuseum.jenkins-x.io.
